<?xml version="1.0" encoding="UTF-8"?>
<testng-results ignored="0" total="1" passed="1" failed="0" skipped="0">
  <reporter-output>
  </reporter-output>
  <suite started-at="2025-06-24T06:42:19 IST" name="Default suite" finished-at="2025-06-24T06:42:31 IST" duration-ms="12453">
    <groups>
    </groups>
    <test started-at="2025-06-24T06:42:19 IST" name="Default test" finished-at="2025-06-24T06:42:31 IST" duration-ms="12453">
      <class name="com.example.PatentAutomationTest">
        <test-method is-config="true" signature="setUp()[pri:0, instance:com.example.PatentAutomationTest@36fc695d]" started-at="2025-06-24T06:42:19 IST" name="setUp" finished-at="2025-06-24T06:42:22 IST" duration-ms="3190" status="PASS">
          <reporter-output>
          </reporter-output>
        </test-method> <!-- setUp -->
        <test-method signature="testPatentDateDifference()[pri:0, instance:com.example.PatentAutomationTest@36fc695d]" started-at="2025-06-24T06:42:22 IST" name="testPatentDateDifference" finished-at="2025-06-24T06:42:31 IST" duration-ms="9182" status="PASS">
          <reporter-output>
          </reporter-output>
        </test-method> <!-- testPatentDateDifference -->
        <test-method is-config="true" signature="tearDown()[pri:0, instance:com.example.PatentAutomationTest@36fc695d]" started-at="2025-06-24T06:42:31 IST" name="tearDown" finished-at="2025-06-24T06:42:31 IST" duration-ms="0" status="PASS">
          <reporter-output>
          </reporter-output>
        </test-method> <!-- tearDown -->
      </class> <!-- com.example.PatentAutomationTest -->
    </test> <!-- Default test -->
  </suite> <!-- Default suite -->
</testng-results>
